7f6ad7113932 0
7f6ad71138e8 1
7f6ad7113932 0
7f6ad71138e8 1
7f6ad7113932 0
7f6ad71138e8 0
7f6ad7113ae8 1
7f6ad7113b10 1
7f6ad7113b30 1
7f6ad71138f3 0
7f6ad7113932 0
7f6ad71138e8 1
7f6ad7113932 0
7f6ad71138e8 1
7f6ad7113932 0
7f6ad71138e8 1
7f6ad7113932 0
7f6ad71138e8 1
7f6ad7113932 0
7f6ad71138e8 1
7f6ad7113932 0
7f6ad71138e8 1
7f6ad7113932 0
7f6ad71138e8 1
7f6ad7113932 0
7f6ad71138e8 1
7f6ad7113932 0
7f6ad71138e8 1
7f6ad7113932 0
7f6ad71138e8 1
7f6ad7113932 0
7f6ad71138e8 1
7f6ad7113932 0
7f6ad71138e8 0
7f6ad7113ae8 0
7f6ad71138ff 1
7f6ad71138e8 0
7f6ad7113ae8 0
7f6ad71138ff 1
7f6ad71138e8 1
7f6ad7113932 0
7f6ad71138e8 0
7f6ad7113ae8 0
7f6ad71138ff 1
7f6ad71138e8 0
7f6ad7113ae8 0
7f6ad71138ff 1
7f6ad71138e8 0
7f6ad7113ae8 0
7f6ad71138ff 0
7f6ad7113b50 0
7f6ad711394b 0
7f6ad711395b 0
7f6ad711396b 0
7f6ad711397b 0
7f6ad711398b 0
7f6ad711399b 0
7f6ad71139ab 0
7f6ad71139bb 0
7f6ad7113c77 0
7f6ad7113a13 0
7f6ad7113a4a 0
7f6ad7113a6f 0
7f6ad7113a58 1
7f6ad7113a58 1
7f6ad7113a58 1
7f6ad7113a58 1
7f6ad7113a58 1
7f6ad7113a58 1
7f6ad7113a58 1
7f6ad7113a58 1
7f6ad7113a58 1
7f6ad7113a58 0
7f6ad7113b5e 0
7f6ad7113c22 0
7f6ad7113c70 0
7f6ad7113c99 0
7f6ad7113c22 0
7f6ad7113a80 1
7f6ad7113c22 0
7f6ad7113c70 0
7f6ad7113c99 0
7f6ad7113c22 0
7f6ad7113a80 1
7f6ad7113c22 0
7f6ad7113c70 0
7f6ad7113c99 0
7f6ad7113c22 0
7f6ad7113a80 1
7f6ad7113c22 0
7f6ad7113c70 0
7f6ad7113c99 0
7f6ad7113c22 0
7f6ad7113a80 1
7f6ad7113c22 0
7f6ad7113c70 0
7f6ad7113c99 0
7f6ad7113c22 0
7f6ad7113a80 1
7f6ad7113c22 0
